[debug] [2023-10-14T22:50:22.892Z] ----------------------------------------------------------------------
[debug] [2023-10-14T22:50:22.894Z] Command:       C:\Program Files\nodejs\node.exe C:\Users\tamer\AppData\Roaming\npm\node_modules\firebase-tools\lib\bin\firebase.js deploy
[debug] [2023-10-14T22:50:22.895Z] CLI Version:   12.7.0
[debug] [2023-10-14T22:50:22.895Z] Platform:      win32
[debug] [2023-10-14T22:50:22.896Z] Node Version:  v18.16.1
[debug] [2023-10-14T22:50:22.897Z] Time:          Sun Oct 15 2023 00:50:22 GMT+0200 (Eastern European Standard Time)
[debug] [2023-10-14T22:50:22.897Z] ----------------------------------------------------------------------
[debug] 
[debug] [2023-10-14T22:50:22.998Z] > command requires scopes: ["email","openid","https://www.googleapis.com/auth/cloudplatformprojects.readonly","https://www.googleapis.com/auth/firebase","https://www.googleapis.com/auth/cloud-platform"]
[debug] [2023-10-14T22:50:23.000Z] > authorizing via signed-in user (tamer.fbhb.wd@gmail.com)
[debug] [2023-10-14T22:50:23.000Z] [iam] checking project megaone-96310 for permissions ["firebase.projects.get","firebasehosting.sites.update"]
[debug] [2023-10-14T22:50:23.003Z] >>> [apiv2][query] POST https://cloudresourcemanager.googleapis.com/v1/projects/megaone-96310:testIamPermissions [none]
[debug] [2023-10-14T22:50:23.003Z] >>> [apiv2][(partial)header] POST https://cloudresourcemanager.googleapis.com/v1/projects/megaone-96310:testIamPermissions x-goog-quota-user=projects/megaone-96310
[debug] [2023-10-14T22:50:23.003Z] >>> [apiv2][body] POST https://cloudresourcemanager.googleapis.com/v1/projects/megaone-96310:testIamPermissions {"permissions":["firebase.projects.get","firebasehosting.sites.update"]}
[debug] [2023-10-14T22:50:24.025Z] <<< [apiv2][status] POST https://cloudresourcemanager.googleapis.com/v1/projects/megaone-96310:testIamPermissions 200
[debug] [2023-10-14T22:50:24.025Z] <<< [apiv2][body] POST https://cloudresourcemanager.googleapis.com/v1/projects/megaone-96310:testIamPermissions {"permissions":["firebase.projects.get","firebasehosting.sites.update"]}
[debug] [2023-10-14T22:50:24.027Z] >>> [apiv2][query] GET https://firebase.googleapis.com/v1beta1/projects/megaone-96310 [none]
[debug] [2023-10-14T22:50:24.590Z] <<< [apiv2][status] GET https://firebase.googleapis.com/v1beta1/projects/megaone-96310 200
[debug] [2023-10-14T22:50:24.590Z] <<< [apiv2][body] GET https://firebase.googleapis.com/v1beta1/projects/megaone-96310 {"projectId":"megaone-96310","projectNumber":"1010386327778","displayName":"megaOne","name":"projects/megaone-96310","resources":{"hostingSite":"megaone-96310"},"state":"ACTIVE","etag":"1_9f3d041e-d060-447c-b54a-d1d687814ebd"}
[info] 
[info] === Deploying to 'megaone-96310'...
[info] 
[info] i  deploying hosting 
[debug] [2023-10-14T22:50:24.608Z] >>> [apiv2][query] POST https://firebasehosting.googleapis.com/v1beta1/projects/-/sites/megaone-96310/versions [none]
[debug] [2023-10-14T22:50:24.609Z] >>> [apiv2][body] POST https://firebasehosting.googleapis.com/v1beta1/projects/-/sites/megaone-96310/versions {"status":"CREATED","labels":{"deployment-tool":"cli-firebase"}}
[debug] [2023-10-14T22:50:26.082Z] <<< [apiv2][status] POST https://firebasehosting.googleapis.com/v1beta1/projects/-/sites/megaone-96310/versions 200
[debug] [2023-10-14T22:50:26.082Z] <<< [apiv2][body] POST https://firebasehosting.googleapis.com/v1beta1/projects/-/sites/megaone-96310/versions {"name":"projects/1010386327778/sites/megaone-96310/versions/5af14e39d6ad1904","status":"CREATED","config":{},"labels":{"deployment-tool":"cli-firebase"}}
[info] i  hosting[megaone-96310]: beginning deploy... 
[info] i  hosting[megaone-96310]: found 22 files in build 
[debug] [2023-10-14T22:50:26.095Z] [hosting] uploading with 200 concurrency
[debug] [2023-10-14T22:50:27.452Z] [hosting] hash cache [YnVpbGQ] stored for 22 files
[debug] [2023-10-14T22:50:27.452Z] [hosting][hash queue][FINAL] {"max":1349,"min":5,"avg":97.63636363636364,"active":0,"complete":22,"success":22,"errored":0,"retried":0,"total":22,"elapsed":1354}
[debug] [2023-10-14T22:50:27.453Z] >>> [apiv2][query] POST https://firebasehosting.googleapis.com/v1beta1/projects/1010386327778/sites/megaone-96310/versions/5af14e39d6ad1904:populateFiles [none]
[debug] [2023-10-14T22:50:27.453Z] >>> [apiv2][body] POST https://firebasehosting.googleapis.com/v1beta1/projects/1010386327778/sites/megaone-96310/versions/5af14e39d6ad1904:populateFiles {"files":{"/favicon.ico":"2f86fc46db8b56e5301bbf475a89f95dbb6f08134bb4afeb1239385d5de8cf65","/asset-manifest.json":"e9ec63eb581d7a67ab206a27c482e05b1e4eee25b3bda3b84425886332f1438e","/index.html":"c66c713c4bf446509f693a9525fdac3c0325a4b651fda5d1389c0d21a4e8d04e","/static/css/main.1c592693.css":"b87a4ec6ade79f3ced2b1508fec409dd43b04e99fcbf9d34099eda14c7e39111","/static/js/main.bda675a5.js.LICENSE.txt":"5fc4f2b5a1f16aff53d6afe570c6e5523adab78cbd30647eb88fa28e8c2528d9","/static/css/main.1c592693.css.map":"7207f31d2e791b1ebe86a32c1bf1db819c0176c2c2ffb8056ddd218f11f57402","/static/media/slider-ele5.1133034ccd0202fd33ad.png":"1e856059b0012ca9b993602f5770fbf63cfc311fd96d35aa60d3b61f8cfb60aa","/static/media/app1.46d7646235c108a54fe6.png":"e8c9b02e2abcbf24e76d9f53f16d9adb5bd410db2667092034435f8025d3b62e","/static/media/app2.5ee046d4c89936b41ce5.png":"507881cebbdc7a450501faa1a6e59cb918a658936879fee4f3ac60edd0b16b80","/static/media/item6.53c9538ff6d6c289c2b6.png":"da2d9725ce35442dcd34da3314040bb8d1cebc03e0a6a7c9708e2ea1a1b31cea","/static/media/slider-ele1.d5d51f0a73cc432f0b70.png":"1e194c388cea95d817b82da757c041afff01f94f22263d7ee26e3ea0183673ee","/static/media/slider-ele4.0afc7a4fbd609515478f.png":"bd5b9e6a9769d694edce3e8e3b4c61e4c4d05e365630cefe1e6aebe9c51e02ac","/static/media/item1.2e0783da8c0728afb003.png":"27e8834adffb695a4d14817c23df2e51c9469246ad78b9141e2407e8b2ec67be","/static/media/item2.4387f521f283fd8edbcd.png":"a2ef7d87ef5cb21eef0a9d78948ed52fabf821fc8fd6af4236e6ada0614c9fb0","/static/media/item3.29be63904b45f5947ea1.png":"87c8d0794c3238a8058faa65bd8b87b416881822fdd203c99d38d66a6fffafdf","/static/media/item4.5fd0094b68e37aabf524.png":"a2adbf81f13e164501f3d6f4959df97d1ee296cc22a00bd5e5f7c44d9434e48c","/static/media/item5.4361eef1ffff7e346b65.png":"68aa368bcc5f50932b40dd259b69a175c1423d6b3485e3808d1300051393a620","/static/js/main.bda675a5.js":"b36e3a1e38295314fd36662bab791b1121f27ad156e8ea51a4f353bfd3023dad","/static/media/slider-ele3.0348e8553d67e6dcdc49.png":"80517823d9763fd60700de25bcbcc066b7e30c4d4c9c0db215243b5d662b7731","/static/media/side-menu.a9082507ab2b65104bab.jpg":"f61448116fcf39bc84dddec941eee802f0940f4702075f0339fde6ee5761d7d8","/static/media/test-banner.451882d1ba2dd8228eec.jpg":"af214cea4887445e2b0dd0a916f99313ac0ce324f3548620224acc9f92e81009","/static/js/main.bda675a5.js.map":"780c96a9de685217b6a18f91544158221430f86e9af583c9d68ae977623e7584"}}
[debug] [2023-10-14T22:50:28.445Z] <<< [apiv2][status] POST https://firebasehosting.googleapis.com/v1beta1/projects/1010386327778/sites/megaone-96310/versions/5af14e39d6ad1904:populateFiles 200
[debug] [2023-10-14T22:50:28.445Z] <<< [apiv2][body] POST https://firebasehosting.googleapis.com/v1beta1/projects/1010386327778/sites/megaone-96310/versions/5af14e39d6ad1904:populateFiles {"uploadRequiredHashes":["b87a4ec6ade79f3ced2b1508fec409dd43b04e99fcbf9d34099eda14c7e39111","c66c713c4bf446509f693a9525fdac3c0325a4b651fda5d1389c0d21a4e8d04e","e9ec63eb581d7a67ab206a27c482e05b1e4eee25b3bda3b84425886332f1438e","780c96a9de685217b6a18f91544158221430f86e9af583c9d68ae977623e7584","b36e3a1e38295314fd36662bab791b1121f27ad156e8ea51a4f353bfd3023dad","7207f31d2e791b1ebe86a32c1bf1db819c0176c2c2ffb8056ddd218f11f57402"],"uploadUrl":"https://upload-firebasehosting.googleapis.com/upload/sites/megaone-96310/versions/5af14e39d6ad1904/files"}
[debug] [2023-10-14T22:50:28.447Z] >>> [apiv2][query] POST https://upload-firebasehosting.googleapis.com/upload/sites/megaone-96310/versions/5af14e39d6ad1904/files/b87a4ec6ade79f3ced2b1508fec409dd43b04e99fcbf9d34099eda14c7e39111 [none]
[debug] [2023-10-14T22:50:28.447Z] >>> [apiv2][body] POST https://upload-firebasehosting.googleapis.com/upload/sites/megaone-96310/versions/5af14e39d6ad1904/files/b87a4ec6ade79f3ced2b1508fec409dd43b04e99fcbf9d34099eda14c7e39111 [stream]
[debug] [2023-10-14T22:50:28.449Z] >>> [apiv2][query] POST https://upload-firebasehosting.googleapis.com/upload/sites/megaone-96310/versions/5af14e39d6ad1904/files/c66c713c4bf446509f693a9525fdac3c0325a4b651fda5d1389c0d21a4e8d04e [none]
[debug] [2023-10-14T22:50:28.449Z] >>> [apiv2][body] POST https://upload-firebasehosting.googleapis.com/upload/sites/megaone-96310/versions/5af14e39d6ad1904/files/c66c713c4bf446509f693a9525fdac3c0325a4b651fda5d1389c0d21a4e8d04e [stream]
[debug] [2023-10-14T22:50:28.450Z] >>> [apiv2][query] POST https://upload-firebasehosting.googleapis.com/upload/sites/megaone-96310/versions/5af14e39d6ad1904/files/e9ec63eb581d7a67ab206a27c482e05b1e4eee25b3bda3b84425886332f1438e [none]
[debug] [2023-10-14T22:50:28.450Z] >>> [apiv2][body] POST https://upload-firebasehosting.googleapis.com/upload/sites/megaone-96310/versions/5af14e39d6ad1904/files/e9ec63eb581d7a67ab206a27c482e05b1e4eee25b3bda3b84425886332f1438e [stream]
[debug] [2023-10-14T22:50:28.452Z] >>> [apiv2][query] POST https://upload-firebasehosting.googleapis.com/upload/sites/megaone-96310/versions/5af14e39d6ad1904/files/780c96a9de685217b6a18f91544158221430f86e9af583c9d68ae977623e7584 [none]
[debug] [2023-10-14T22:50:28.452Z] >>> [apiv2][body] POST https://upload-firebasehosting.googleapis.com/upload/sites/megaone-96310/versions/5af14e39d6ad1904/files/780c96a9de685217b6a18f91544158221430f86e9af583c9d68ae977623e7584 [stream]
[debug] [2023-10-14T22:50:28.453Z] >>> [apiv2][query] POST https://upload-firebasehosting.googleapis.com/upload/sites/megaone-96310/versions/5af14e39d6ad1904/files/b36e3a1e38295314fd36662bab791b1121f27ad156e8ea51a4f353bfd3023dad [none]
[debug] [2023-10-14T22:50:28.453Z] >>> [apiv2][body] POST https://upload-firebasehosting.googleapis.com/upload/sites/megaone-96310/versions/5af14e39d6ad1904/files/b36e3a1e38295314fd36662bab791b1121f27ad156e8ea51a4f353bfd3023dad [stream]
[debug] [2023-10-14T22:50:28.454Z] >>> [apiv2][query] POST https://upload-firebasehosting.googleapis.com/upload/sites/megaone-96310/versions/5af14e39d6ad1904/files/7207f31d2e791b1ebe86a32c1bf1db819c0176c2c2ffb8056ddd218f11f57402 [none]
[debug] [2023-10-14T22:50:28.454Z] >>> [apiv2][body] POST https://upload-firebasehosting.googleapis.com/upload/sites/megaone-96310/versions/5af14e39d6ad1904/files/7207f31d2e791b1ebe86a32c1bf1db819c0176c2c2ffb8056ddd218f11f57402 [stream]
[debug] [2023-10-14T22:50:28.455Z] [hosting][populate queue][FINAL] {"max":997,"min":997,"avg":997,"active":0,"complete":1,"success":1,"errored":0,"retried":0,"total":1,"elapsed":1005}
[debug] [2023-10-14T22:50:28.456Z] [hosting] uploads queued: 6
[debug] [2023-10-14T22:50:30.415Z] <<< [apiv2][status] POST https://upload-firebasehosting.googleapis.com/upload/sites/megaone-96310/versions/5af14e39d6ad1904/files/b87a4ec6ade79f3ced2b1508fec409dd43b04e99fcbf9d34099eda14c7e39111 200
[debug] [2023-10-14T22:50:30.415Z] <<< [apiv2][body] POST https://upload-firebasehosting.googleapis.com/upload/sites/megaone-96310/versions/5af14e39d6ad1904/files/b87a4ec6ade79f3ced2b1508fec409dd43b04e99fcbf9d34099eda14c7e39111 [stream]
[debug] [2023-10-14T22:50:31.934Z] <<< [apiv2][status] POST https://upload-firebasehosting.googleapis.com/upload/sites/megaone-96310/versions/5af14e39d6ad1904/files/7207f31d2e791b1ebe86a32c1bf1db819c0176c2c2ffb8056ddd218f11f57402 200
[debug] [2023-10-14T22:50:31.935Z] <<< [apiv2][body] POST https://upload-firebasehosting.googleapis.com/upload/sites/megaone-96310/versions/5af14e39d6ad1904/files/7207f31d2e791b1ebe86a32c1bf1db819c0176c2c2ffb8056ddd218f11f57402 [stream]
[debug] [2023-10-14T22:50:32.140Z] <<< [apiv2][status] POST https://upload-firebasehosting.googleapis.com/upload/sites/megaone-96310/versions/5af14e39d6ad1904/files/c66c713c4bf446509f693a9525fdac3c0325a4b651fda5d1389c0d21a4e8d04e 200
[debug] [2023-10-14T22:50:32.140Z] <<< [apiv2][body] POST https://upload-firebasehosting.googleapis.com/upload/sites/megaone-96310/versions/5af14e39d6ad1904/files/c66c713c4bf446509f693a9525fdac3c0325a4b651fda5d1389c0d21a4e8d04e [stream]
[debug] [2023-10-14T22:50:32.451Z] <<< [apiv2][status] POST https://upload-firebasehosting.googleapis.com/upload/sites/megaone-96310/versions/5af14e39d6ad1904/files/e9ec63eb581d7a67ab206a27c482e05b1e4eee25b3bda3b84425886332f1438e 200
[debug] [2023-10-14T22:50:32.451Z] <<< [apiv2][body] POST https://upload-firebasehosting.googleapis.com/upload/sites/megaone-96310/versions/5af14e39d6ad1904/files/e9ec63eb581d7a67ab206a27c482e05b1e4eee25b3bda3b84425886332f1438e [stream]
